Microsoft (R)-Build-Engine, Version 15.9.21+g9802d43bc3 für .NET Framework
Copyright (C) Microsoft Corporation. Alle Rechte vorbehalten.

Der Buildvorgang wurde am 27.04.2019 21:04:01 gestartet.
Projekt "C:\Test\build\ALL_BUILD.vcxproj" auf Knoten "1" (Standardziele).
Das Projekt "C:\Test\build\ALL_BUILD.vcxproj" (1) erstellt "C:\Test\build\ZERO_CHECK.vcxproj" (2) auf Knoten "1" (
Standardziele).
PrepareForBuild:
  Das Verzeichnis "x64\Debug\ZERO_CHECK\" wird erstellt.
  Das Verzeichnis "x64\Debug\ZERO_CHECK\ZERO_CHECK.tlog\" wird erstellt.
InitializeBuildStatus:
  "x64\Debug\ZERO_CHECK\ZERO_CHECK.tlog\unsuccessfulbuild" wird erstellt, da "AlwaysCreate" angegeben wurde.
CustomBuild:
  Checking Build System
  CMake does not need to re-run because C:/Test/build/CMakeFiles/generate.stamp is up-to-date.
FinalizeBuildStatus:
  Die Datei "x64\Debug\ZERO_CHECK\ZERO_CHECK.tlog\unsuccessfulbuild" wird gelöscht.
  Aktualisieren des Timestamps von "x64\Debug\ZERO_CHECK\ZERO_CHECK.tlog\ZERO_CHECK.lastbuildstate".
Die Erstellung von Projekt "C:\Test\build\ZERO_CHECK.vcxproj" ist abgeschlossen (Standardziele).

Das Projekt "C:\Test\build\ALL_BUILD.vcxproj" (1) erstellt "C:\Test\build\Test.vcxproj" (3) auf Knoten "1" (
Standardziele).
PrepareForBuild:
  Das Verzeichnis "Test.dir\Debug\" wird erstellt.
  Das Verzeichnis "C:\Test\build\Debug\" wird erstellt.
  Das Verzeichnis "Test.dir\Debug\Test.tlog\" wird erstellt.
InitializeBuildStatus:
  "Test.dir\Debug\Test.tlog\unsuccessfulbuild" wird erstellt, da "AlwaysCreate" angegeben wurde.
CustomBuild:
  Building Custom Rule C:/Test/CMakeLists.txt
  CMake does not need to re-run because C:/Test/build/CMakeFiles/generate.stamp is up-to-date.
ClCompile:
  C:\Program Files (x86)\Microsoft Visual Studio\2017\Community\VC\Tools\MSVC\14.16.27023\bin\HostX86\x64\CL.exe /c /Zi /nologo /W3 /WX- /diagnostics:classi
  c /Od /Ob0 /D WIN32 /D _WINDOWS /D "CMAKE_INTDIR=\"Debug\"" /D _MBCS /Gm- /EHsc /RTC1 /MDd /GS /fp:precise /Zc:wchar_t /Zc:forScope /Zc:inline /GR /Fo"Tes
  tWslGcc.dir\Debug\\" /Fd"Test.dir\Debug\vc141.pdb" /Gd /TP /errorReport:queue C:\Test\main.cpp
  main.cpp
C:\Test\main.cpp(5): error C2143: Syntaxfehler: Es fehlt ";" vor "}" [C:\Test\build\Test.vcxproj]
Die Erstellung des Projekts "C:\Test\build\Test.vcxproj" ist abgeschlossen (Standardziele) -- FEHLER.

Die Erstellung des Projekts "C:\Test\build\ALL_BUILD.vcxproj" ist abgeschlossen (Standardziele) -- FEHLER.


Fehler beim Buildvorgang.

"C:\Test\build\ALL_BUILD.vcxproj" (Standardziel) (1) ->
"C:\Test\build\Test.vcxproj" (Standardziel) (3) ->
(ClCompile Ziel) ->
  C:\Test\main.cpp(5): error C2143: Syntaxfehler: Es fehlt ";" vor "}" [C:\Test\build\Test.vcxproj]

    0 Warnung(en)
    1 Fehler

Verstrichene Zeit 00:00:01.74